<?xml version="1.0" encoding="UTF-8"?>
<!-- Generated by org.testng.reporters.JUnitXMLReporter -->
<testsuite hostname="App-PC" name="Default test" tests="3" failures="0" timestamp="13 Oct 2018 19:38:32 GMT" time="28.991" errors="0">
  <testcase name="launchapp" time="28.959" classname="appiumframework.Naukri"/>
  <testcase name="loginapp" time="0.005" classname="appiumframework.Naukri"/>
  <testcase name="closeserver" time="0.004" classname="appiumframework.Naukri"/>
</testsuite> <!-- Default test -->
