<?xml version="1.0" encoding="UTF-8"?>
<testng-results skipped="0" failed="0" total="3" passed="3">
  <reporter-output>
  </reporter-output>
  <suite name="Default suite" duration-ms="28991" started-at="2018-10-13T19:38:03Z" finished-at="2018-10-13T19:38:32Z">
    <groups>
    </groups>
    <test name="Default test" duration-ms="28991" started-at="2018-10-13T19:38:03Z" finished-at="2018-10-13T19:38:32Z">
      <class name="appiumframework.Naukri">
        <test-method status="PASS" signature="launchapp()[pri:0, instance:appiumframework.Naukri@7d9d1a19]" name="launchapp" duration-ms="28959" started-at="2018-10-14T01:08:03Z" finished-at="2018-10-14T01:08:32Z">
          <reporter-output>
          </reporter-output>
        </test-method> <!-- launchapp -->
        <test-method status="PASS" signature="loginapp()[pri:1, instance:appiumframework.Naukri@7d9d1a19]" name="loginapp" duration-ms="5" started-at="2018-10-14T01:08:32Z" finished-at="2018-10-14T01:08:32Z">
          <reporter-output>
          </reporter-output>
        </test-method> <!-- loginapp -->
        <test-method status="PASS" signature="closeserver()[pri:2, instance:appiumframework.Naukri@7d9d1a19]" name="closeserver" duration-ms="4" started-at="2018-10-14T01:08:32Z" finished-at="2018-10-14T01:08:32Z">
          <reporter-output>
          </reporter-output>
        </test-method> <!-- closeserver -->
      </class> <!-- appiumframework.Naukri -->
    </test> <!-- Default test -->
  </suite> <!-- Default suite -->
</testng-results>
